[debug] [2025-10-06T19:01:37.742Z] ----------------------------------------------------------------------
[debug] [2025-10-06T19:01:37.746Z] Command:       /usr/local/bin/firebase /Users/pryima/.cache/firebase/tools/lib/node_modules/firebase-tools/lib/bin/firebase hosting:disable --project lazni-admin
[debug] [2025-10-06T19:01:37.747Z] CLI Version:   13.3.1
[debug] [2025-10-06T19:01:37.747Z] Platform:      darwin
[debug] [2025-10-06T19:01:37.748Z] Node Version:  v18.5.0
[debug] [2025-10-06T19:01:37.763Z] Time:          Mon Oct 06 2025 22:01:37 GMT+0300 (Eastern European Summer Time)
[debug] [2025-10-06T19:01:37.764Z] ----------------------------------------------------------------------
[debug] 
[debug] [2025-10-06T19:01:37.872Z] > command requires scopes: ["email","openid","https://www.googleapis.com/auth/cloudplatformprojects.readonly","https://www.googleapis.com/auth/firebase","https://www.googleapis.com/auth/cloud-platform"]
[debug] [2025-10-06T19:01:37.873Z] > authorizing via signed-in user (pryima.o.a@gmail.com)
[debug] [2025-10-06T19:01:37.873Z] [iam] checking project lazni-admin for permissions ["firebase.projects.get","firebasehosting.sites.update"]
[debug] [2025-10-06T19:01:37.876Z] >>> [apiv2][query] POST https://cloudresourcemanager.googleapis.com/v1/projects/lazni-admin:testIamPermissions [none]
[debug] [2025-10-06T19:01:37.876Z] >>> [apiv2][(partial)header] POST https://cloudresourcemanager.googleapis.com/v1/projects/lazni-admin:testIamPermissions x-goog-quota-user=projects/lazni-admin
[debug] [2025-10-06T19:01:37.877Z] >>> [apiv2][body] POST https://cloudresourcemanager.googleapis.com/v1/projects/lazni-admin:testIamPermissions {"permissions":["firebase.projects.get","firebasehosting.sites.update"]}
[debug] [2025-10-06T19:01:38.475Z] <<< [apiv2][status] POST https://cloudresourcemanager.googleapis.com/v1/projects/lazni-admin:testIamPermissions 200
[debug] [2025-10-06T19:01:38.476Z] <<< [apiv2][body] POST https://cloudresourcemanager.googleapis.com/v1/projects/lazni-admin:testIamPermissions {}
[debug] [2025-10-06T19:01:38.476Z] [iam] error while checking permissions, command may fail: FirebaseError: Authorization failed. This account is missing the following required permissions on project lazni-admin:

  firebase.projects.get
  firebasehosting.sites.update
[debug] [2025-10-06T19:01:38.478Z] >>> [apiv2][query] GET https://firebase.googleapis.com/v1beta1/projects/lazni-admin [none]
[debug] [2025-10-06T19:01:38.961Z] <<< [apiv2][status] GET https://firebase.googleapis.com/v1beta1/projects/lazni-admin 403
[debug] [2025-10-06T19:01:38.961Z] <<< [apiv2][body] GET https://firebase.googleapis.com/v1beta1/projects/lazni-admin {"error":{"code":403,"message":"The caller does not have permission","status":"PERMISSION_DENIED"}}
[debug] [2025-10-06T19:01:38.964Z] HTTP Error: 403, The caller does not have permission
[debug] [2025-10-06T19:01:39.169Z] FirebaseError: HTTP Error: 403, The caller does not have permission
    at responseToError (/Users/pryima/.cache/firebase/tools/lib/node_modules/firebase-tools/lib/responseToError.js:49:12)
    at RetryOperation._fn (/Users/pryima/.cache/firebase/tools/lib/node_modules/firebase-tools/lib/apiv2.js:292:77)
    at process.processTicksAndRejections (node:internal/process/task_queues:95:5)
[error] 
[error] Error: Failed to get Firebase project lazni-admin. Please make sure the project exists and your account has permission to access it.
